<?xml version="1.0" encoding="UTF-8"?>
<testng-results ignored="0" total="1" passed="1" failed="0" skipped="0">
  <reporter-output>
  </reporter-output>
  <suite started-at="2022-08-25T11:39:12Z" name="Default suite" finished-at="2022-08-25T11:39:24Z" duration-ms="11997">
    <groups>
    </groups>
    <test started-at="2022-08-25T11:39:12Z" name="Default test" finished-at="2022-08-25T11:39:24Z" duration-ms="11997">
      <class name="testCases.TC_RF_001">
        <test-method is-config="true" signature="beforeMethod()[pri:0, instance:testCases.TC_RF_001@609db546]" started-at="2022-08-25T11:39:12Z" name="beforeMethod" finished-at="2022-08-25T11:39:22Z" duration-ms="9221" status="PASS">
          <reporter-output>
          </reporter-output>
        </test-method> <!-- beforeMethod -->
        <test-method signature="validating_With_Mandatry_Field()[pri:0, instance:testCases.TC_RF_001@609db546]" started-at="2022-08-25T11:39:22Z" name="validating_With_Mandatry_Field" finished-at="2022-08-25T11:39:24Z" duration-ms="2724" status="PASS">
          <reporter-output>
          </reporter-output>
        </test-method> <!-- validating_With_Mandatry_Field -->
      </class> <!-- testCases.TC_RF_001 -->
    </test> <!-- Default test -->
  </suite> <!-- Default suite -->
</testng-results>
