<?xml version="1.0" encoding="UTF-8"?>
<testng-results ignored="0" total="0" passed="0" failed="0" skipped="0">
  <reporter-output>
  </reporter-output>
  <suite started-at="2022-08-29T07:17:18Z" name="Default suite" finished-at="2022-08-29T07:17:18Z" duration-ms="26">
    <groups>
    </groups>
    <test started-at="2022-08-29T07:17:18Z" name="Default test" finished-at="2022-08-29T07:17:18Z" duration-ms="26">
      <class name="WebDriverManager.WebDriverConfig">
        <test-method is-config="true" signature="BeforeClass()[pri:0, instance:WebDriverManager.WebDriverConfig@5965be2d]" started-at="2022-08-29T07:17:08Z" name="BeforeClass" finished-at="2022-08-29T07:17:18Z" duration-ms="10609" status="PASS">
          <reporter-output>
          </reporter-output>
        </test-method> <!-- BeforeClass -->
      </class> <!-- WebDriverManager.WebDriverConfig -->
    </test> <!-- Default test -->
  </suite> <!-- Default suite -->
</testng-results>
